Router contains 17 entries
Index Key        Mask       Route      Default [Cores][Links]
----- ---------- ---------- ---------- ------- --------------
    0 0x00002700 0xFFFFFF80 0x007EDE80 False   [1, 3, 4, 5, 6, 8, 9, 11, 12, 13, 14, 15, 16] []
    1 0x00002100 0xFFFFFF00 0x003FFF80 False   [1, 2, 3, 4, 5, 6, 7, 8, 9, 10, 11, 12, 13, 14, 15] []
    2 0x00001900 0xFFFFFF00 0x003FFF80 False   [1, 2, 3, 4, 5, 6, 7, 8, 9, 10, 11, 12, 13, 14, 15] []
    3 0x00001E00 0xFFFFFF00 0x003FFF80 False   [1, 2, 3, 4, 5, 6, 7, 8, 9, 10, 11, 12, 13, 14, 15] []
    4 0x00001800 0xFFFFFF00 0x00600000 False   [16, 15] []
    5 0x00001600 0xFFFFFE00 0x00380000 False   [13, 14, 15] []
    6 0x00001200 0xFFFFFE00 0x00038000 False   [9, 10, 11] []
    7 0x00000C00 0xFFFFFE00 0x00000E00 False   [3, 4, 5] []
    8 0x00000A00 0xFFFFFE00 0x00000300 False   [2, 3] []
    9 0x00000000 0xFFFFFE00 0x00000700 False   [2, 3, 4] []
   10 0x00000400 0xFFFFFE00 0x0001C000 False   [8, 9, 10] []
   11 0x00001000 0xFFFFFE00 0x0000E000 False   [8, 9, 7] []
   12 0x00000E00 0xFFFFFE00 0x00003800 False   [5, 6, 7] []
   13 0x00000800 0xFFFFFE00 0x00780000 False   [16, 13, 14, 15] []
   14 0x00000200 0xFFFFFE00 0x00003800 False   [5, 6, 7] []
   15 0x00000400 0xFFFFEC00 0x000E0000 False   [11, 12, 13] []
   16 0x00000000 0xFFFFC000 0x007FFF80 False   [1, 2, 3, 4, 5, 6, 7, 8, 9, 10, 11, 12, 13, 14, 15, 16] []
0 Defaultable entries
