Router contains 16 entries
Index Key        Mask       Route      Default [Cores][Links]
----- ---------- ---------- ---------- ------- --------------
    0 0x00000600 0xFFFFFF00 0x000A4000 False   [8, 11, 13] []
    1 0x00000C00 0xFFFFFF00 0x00000080 False   [1] []
    2 0x00000200 0xFFFFFF00 0x000A0000 False   [11, 13] []
    3 0x00000740 0xFFFFFFC0 0x00100000 False   [14] []
    4 0x00001000 0xFFFFFF00 0x00000A00 False   [3, 5] []
    5 0x00000E00 0xFFFFFF00 0x00000080 False   [1] []
    6 0x00000400 0xFFFFFF00 0x00400004 False   [16] [N]
    7 0x00001600 0xFFFFFF00 0x0000A000 False   [9, 7] []
    8 0x00000700 0xFFFFFFC0 0x00010000 False   [10] []
    9 0x00001280 0xFFFFFFC0 0x00000100 False   [2] []
   10 0x00000300 0xFFFFFF00 0x0000A400 False   [9, 4, 7] []
   11 0x00000F00 0xFFFFFF00 0x00000004 False   [] [N]
   12 0x00000140 0xFFFFFFC0 0x00001000 False   [6] []
   13 0x00001400 0xFFFFFF00 0x00000A00 False   [3, 5] []
   14 0x00000900 0xFFFFFF00 0x00200004 False   [15] [N]
   15 0x00000A00 0xFFFFFF00 0x00240004 False   [12, 15] [N]
0 Defaultable entries
