        Placement Information by Vertex
        ===============================

Generated: Mon Sep  5 11:53:18 2016 for target machine '192.168.240.253'

**** Vertex: 'Aggregator'
Model: Aggregator
 Placed on core (0, 0, 1) 

**** Vertex: 'Tracer'
Model: Tracer
 Placed on core (0, 0, 2) 

**** Vertex: 'Tracer'
Model: Tracer
 Placed on core (0, 0, 3) 

**** Vertex: 'Tracer'
Model: Tracer
 Placed on core (0, 0, 4) 

**** Vertex: 'Tracer'
Model: Tracer
 Placed on core (0, 0, 5) 

**** Vertex: 'Tracer'
Model: Tracer
 Placed on core (0, 0, 6) 

**** Vertex: 'Tracer'
Model: Tracer
 Placed on core (0, 0, 7) 

**** Vertex: 'Tracer'
Model: Tracer
 Placed on core (0, 0, 8) 

**** Vertex: 'Tracer'
Model: Tracer
 Placed on core (0, 0, 9) 

**** Vertex: 'Tracer'
Model: Tracer
 Placed on core (0, 0, 10) 

**** Vertex: 'Tracer'
Model: Tracer
 Placed on core (0, 0, 11) 

**** Vertex: 'Tracer'
Model: Tracer
 Placed on core (0, 0, 12) 

**** Vertex: 'Tracer'
Model: Tracer
 Placed on core (0, 0, 13) 

**** Vertex: 'Tracer'
Model: Tracer
 Placed on core (0, 0, 14) 

**** Vertex: 'Tracer'
Model: Tracer
 Placed on core (0, 0, 15) 

**** Vertex: 'Tracer'
Model: Tracer
 Placed on core (0, 0, 16) 

**** Vertex: 'Tracer'
Model: Tracer
 Placed on core (1, 0, 1) 

**** Vertex: 'Tracer'
Model: Tracer
 Placed on core (1, 0, 2) 

**** Vertex: 'Tracer'
Model: Tracer
 Placed on core (1, 0, 3) 

**** Vertex: 'Tracer'
Model: Tracer
 Placed on core (1, 0, 4) 

**** Vertex: 'Tracer'
Model: Tracer
 Placed on core (1, 0, 5) 

**** Vertex: 'Tracer'
Model: Tracer
 Placed on core (1, 0, 6) 

**** Vertex: 'Tracer'
Model: Tracer
 Placed on core (1, 0, 7) 

**** Vertex: 'Tracer'
Model: Tracer
 Placed on core (1, 0, 8) 

**** Vertex: 'Tracer'
Model: Tracer
 Placed on core (1, 0, 9) 

**** Vertex: 'Tracer'
Model: Tracer
 Placed on core (1, 0, 10) 

**** Vertex: 'Tracer'
Model: Tracer
 Placed on core (1, 0, 11) 

**** Vertex: 'Tracer'
Model: Tracer
 Placed on core (1, 0, 12) 

**** Vertex: 'Tracer'
Model: Tracer
 Placed on core (1, 0, 13) 

**** Vertex: 'Tracer'
Model: Tracer
 Placed on core (1, 0, 14) 

**** Vertex: 'Tracer'
Model: Tracer
 Placed on core (1, 0, 15) 

**** Vertex: 'Tracer'
Model: Tracer
 Placed on core (1, 0, 16) 

**** Vertex: 'Tracer'
Model: Tracer
 Placed on core (1, 1, 1) 

**** Vertex: 'Tracer'
Model: Tracer
 Placed on core (1, 1, 2) 

**** Vertex: 'Tracer'
Model: Tracer
 Placed on core (1, 1, 3) 

**** Vertex: 'Tracer'
Model: Tracer
 Placed on core (1, 1, 4) 

**** Vertex: 'Tracer'
Model: Tracer
 Placed on core (1, 1, 5) 

**** Vertex: 'Tracer'
Model: Tracer
 Placed on core (1, 1, 6) 

**** Vertex: 'Tracer'
Model: Tracer
 Placed on core (1, 1, 7) 

**** Vertex: 'Tracer'
Model: Tracer
 Placed on core (1, 1, 8) 

**** Vertex: 'Tracer'
Model: Tracer
 Placed on core (1, 1, 9) 

**** Vertex: 'Tracer'
Model: Tracer
 Placed on core (1, 1, 10) 

**** Vertex: 'Tracer'
Model: Tracer
 Placed on core (1, 1, 11) 

**** Vertex: 'Tracer'
Model: Tracer
 Placed on core (1, 1, 12) 

**** Vertex: 'Tracer'
Model: Tracer
 Placed on core (1, 1, 13) 

**** Vertex: 'Tracer'
Model: Tracer
 Placed on core (1, 1, 14) 

**** Vertex: 'Tracer'
Model: Tracer
 Placed on core (1, 1, 15) 

**** Vertex: 'Tracer'
Model: Tracer
 Placed on core (1, 1, 16) 

**** Vertex: 'Tracer'
Model: Tracer
 Placed on core (0, 1, 1) 

**** Vertex: 'Tracer'
Model: Tracer
 Placed on core (0, 1, 2) 

**** Vertex: 'Tracer'
Model: Tracer
 Placed on core (0, 1, 3) 

**** Vertex: 'Tracer'
Model: Tracer
 Placed on core (0, 1, 4) 

**** Vertex: 'Tracer'
Model: Tracer
 Placed on core (0, 1, 5) 

**** Vertex: 'Tracer'
Model: Tracer
 Placed on core (0, 1, 6) 

**** Vertex: 'Tracer'
Model: Tracer
 Placed on core (0, 1, 7) 

**** Vertex: 'Tracer'
Model: Tracer
 Placed on core (0, 1, 8) 

**** Vertex: 'Tracer'
Model: Tracer
 Placed on core (0, 1, 9) 

**** Vertex: 'Tracer'
Model: Tracer
 Placed on core (0, 1, 10) 

**** Vertex: 'Tracer'
Model: Tracer
 Placed on core (0, 1, 11) 

**** Vertex: 'Tracer'
Model: Tracer
 Placed on core (0, 1, 12) 

