Router contains 22 entries
Index Key        Mask       Route      Default [Cores][Links]
----- ---------- ---------- ---------- ------- --------------
    0 0x00002C00 0xFFFFFF00 0x00000A00 False   [3, 5] []
    1 0x00001300 0xFFFFFF00 0x00000A00 False   [3, 5] []
    2 0x00002D00 0xFFFFFF80 0x00000B00 False   [2, 3, 5] []
    3 0x00001280 0xFFFFFF80 0x00000A00 False   [3, 5] []
    4 0x00000000 0xFFFFFF00 0x0000A400 False   [9, 4, 7] []
    5 0x00002200 0xFFFFFF00 0x0000A000 False   [9, 7] []
    6 0x00000100 0xFFFFFF80 0x0000B000 False   [9, 6, 7] []
    7 0x00002180 0xFFFFFF80 0x0000A000 False   [9, 7] []
    8 0x00000200 0xFFFFFF00 0x000A4000 False   [8, 11, 13] []
    9 0x00001900 0xFFFFFF00 0x000A0000 False   [11, 13] []
   10 0x00000300 0xFFFFFF80 0x000B0000 False   [10, 11, 13] []
   11 0x00001880 0xFFFFFF80 0x000A0000 False   [11, 13] []
   12 0x00000400 0xFFFFFF00 0x00240004 False   [12, 15] [N]
   13 0x00001A00 0xFFFFFF00 0x00200004 False   [15] [N]
   14 0x00000380 0xFFFFFF80 0x00300004 False   [14, 15] [N]
   15 0x00002B00 0xFFFFFF00 0x00000080 False   [1] []
   16 0x00001B00 0xFFFFFF80 0x00200004 False   [15] [N]
   17 0x00001000 0xFFFFFF00 0x00000080 False   [1] []
   18 0x00000500 0xFFFFFF00 0x00400004 False   [16] [N]
   19 0x00002A80 0xFFFFFF80 0x00000080 False   [1] []
   20 0x00001C00 0xFFFFFF00 0x00000004 False   [] [N]
   21 0x00000F80 0xFFFFFF80 0x00000080 False   [1] []
0 Defaultable entries
