Router contains 20 entries
Index Key        Mask       Route      Default [Cores][Links]
----- ---------- ---------- ---------- ------- --------------
    0 0x00002100 0xFFFFFF80 0x00000080 False   [1] []
    1 0x00002900 0xFFFFFF00 0x00000020 False   [] [S]
    2 0x00001100 0xFFFFFF00 0x0000A400 False   [9, 4, 7] []
    3 0x00002800 0xFFFFFF00 0x000A0000 False   [11, 13] []
    4 0x00000E00 0xFFFFFF00 0x00000A00 False   [3, 5] []
    5 0x00001800 0xFFFFFF80 0x00100020 False   [14] [S]
    6 0x00002600 0xFFFFFF00 0x0000A000 False   [9, 7] []
    7 0x00000A00 0xFFFFFF00 0x00000080 False   [1] []
    8 0x00001500 0xFFFFFF80 0x000B0000 False   [10, 11, 13] []
    9 0x00002300 0xFFFFFF00 0x00000A00 False   [3, 5] []
   10 0x00002A00 0xFFFFFF80 0x00000020 False   [] [S]
   11 0x00001200 0xFFFFFF80 0x0000B000 False   [9, 6, 7] []
   12 0x00002000 0xFFFFFF00 0x00000080 False   [1] []
   13 0x00002780 0xFFFFFF80 0x000A0000 False   [11, 13] []
   14 0x00000F00 0xFFFFFF80 0x00000B00 False   [2, 3, 5] []
   15 0x00002700 0xFFFFFF80 0x0000A000 False   [9, 7] []
   16 0x00000980 0xFFFFFF80 0x00000080 False   [1] []
   17 0x00001700 0xFFFFFF00 0x00040020 False   [12] [S]
   18 0x00002400 0xFFFFFF80 0x00000A00 False   [3, 5] []
   19 0x00001400 0xFFFFFF00 0x000A4000 False   [8, 11, 13] []
0 Defaultable entries
