Router contains 19 entries
Index Key        Mask       Route      Default [Cores][Links]
----- ---------- ---------- ---------- ------- --------------
    0 0x00000C80 0xFFFFFF80 0x00050000 False   [10, 12] []
    1 0x00002900 0xFFFFFF00 0x00000500 False   [2, 4] []
    2 0x00002C00 0xFFFFFF00 0x00200001 False   [15] [E]
    3 0x00002480 0xFFFFFF80 0x00005000 False   [8, 6] []
    4 0x00002B00 0xFFFFFF00 0x00120001 False   [11, 14] [E]
    5 0x00000180 0xFFFFFFFF 0x00000500 False   [2, 4] []
    6 0x00001800 0xFFFFFF80 0x00000500 False   [2, 4] []
    7 0x00001300 0xFFFFFF00 0x00000001 False   [] [E]
    8 0x00000B00 0xFFFFFF00 0x00052000 False   [10, 12, 7] []
    9 0x00001000 0xFFFFFF00 0x00100001 False   [14] [E]
   10 0x00001600 0xFFFFFF00 0x00005200 False   [8, 3, 6] []
   11 0x00002A00 0xFFFFFF80 0x00000500 False   [2, 4] []
   12 0x00000D00 0xFFFFFF00 0x00050000 False   [10, 12] []
   13 0x00002A80 0xFFFFFF80 0x00180001 False   [13, 14] [E]
   14 0x00002500 0xFFFFFF00 0x00005000 False   [8, 6] []
   15 0x00000C00 0xFFFFFF80 0x00058000 False   [9, 10, 12] []
   16 0x00001700 0xFFFFFF00 0x00000500 False   [2, 4] []
   17 0x00000F80 0xFFFFFF80 0x00100001 False   [14] [E]
   18 0x00001580 0xFFFFFF80 0x00005800 False   [8, 5, 6] []
0 Defaultable entries
