Router contains 17 entries
Index Key        Mask       Route      Default [Cores][Links]
----- ---------- ---------- ---------- ------- --------------
    0 0x000000C0 0xFFFFFFFF 0x00000100 False   [2] []
    1 0x00000700 0xFFFFFFC0 0x00000500 False   [2, 4] []
    2 0x00000340 0xFFFFFFC0 0x00003000 False   [6, 7] []
    3 0x00000100 0xFFFFFFC0 0x00300000 False   [14, 15] []
    4 0x00000540 0xFFFFFFC0 0x00002000 False   [7] []
    5 0x00000000 0xFFFFFFC0 0x00000100 False   [2] []
    6 0x00000880 0xFFFFFFC0 0x0000C000 False   [8, 9] []
    7 0x00000640 0xFFFFFFC0 0x00020000 False   [11] []
    8 0x00000140 0xFFFFFFC0 0x00400001 False   [16] [E]
    9 0x00000840 0xFFFFFFC0 0x00030000 False   [10, 11] []
   10 0x000006C0 0xFFFFFFC0 0x00080000 False   [13] []
   11 0x00000440 0xFFFFFFC0 0x00000A00 False   [3, 5] []
   12 0x00000200 0xFFFFFFC0 0x000C0000 False   [12, 13] []
   13 0x000009C0 0xFFFFFFC0 0x00000800 False   [5] []
   14 0x00000740 0xFFFFFFC0 0x00200000 False   [15] []
   15 0x00000780 0xFFFFFFC0 0x00000001 False   [] [E]
   16 0x000005C0 0xFFFFFFC0 0x00008000 False   [9] []
0 Defaultable entries
