Router contains 16 entries
Index Key        Mask       Route      Default [Cores][Links]
----- ---------- ---------- ---------- ------- --------------
    0 0x00000940 0xFFFFFFE0 0x00300004 False   [14, 15] [N]
    1 0x00000120 0xFFFFFFE0 0x000B0000 False   [10, 11, 13] []
    2 0x000009E0 0xFFFFFFE0 0x00000A00 False   [3, 5] []
    3 0x00000160 0xFFFFFFE0 0x0000B000 False   [9, 6, 7] []
    4 0x00001240 0xFFFFFFE0 0x00000B00 False   [2, 3, 5] []
    5 0x00000140 0xFFFFFFE0 0x000A0000 False   [11, 13] []
    6 0x00000B00 0xFFFFFF00 0x00240004 False   [12, 15] [N]
    7 0x00000700 0xFFFFFF00 0x00400004 False   [16] [N]
    8 0x00000A00 0xFFFFFF00 0x00000004 False   [] [N]
    9 0x00000400 0xFFFFFF00 0x0000A400 False   [9, 4, 7] []
   10 0x00000200 0xFFFFFF00 0x000A4000 False   [8, 11, 13] []
   11 0x00000300 0xFFFFFF00 0x000A0000 False   [11, 13] []
   12 0x00001200 0xFFFFFB00 0x0000A000 False   [9, 7] []
   13 0x00001000 0xFFFFFB00 0x00000A00 False   [3, 5] []
   14 0x00000900 0xFFFFF900 0x00000080 False   [1] []
   15 0x00000000 0xFFFFF800 0x00200004 False   [15] [N]
0 Defaultable entries
