Router contains 17 entries
Index Key        Mask       Route      Default [Cores][Links]
----- ---------- ---------- ---------- ------- --------------
    0 0x00000800 0xFFFFFFC0 0x00000200 False   [3] []
    1 0x00000040 0xFFFFFFC0 0x00080000 False   [13] []
    2 0x000008C0 0xFFFFFFC0 0x00000800 False   [5] []
    3 0x00000940 0xFFFFFFC0 0x00008000 False   [9] []
    4 0x000001C0 0xFFFFFFC0 0x00000C00 False   [4, 5] []
    5 0x00000400 0xFFFFFFC0 0x00300000 False   [14, 15] []
    6 0x00000380 0xFFFFFFC0 0x00030000 False   [10, 11] []
    7 0x00000180 0xFFFFFFC0 0x00000300 False   [2, 3] []
    8 0x000004C0 0xFFFFFFC0 0x00200000 False   [15] []
    9 0x00000900 0xFFFFFFC0 0x00002000 False   [7] []
   10 0x00000980 0xFFFFFFC0 0x00020000 False   [11] []
   11 0x00000480 0xFFFFFFC0 0x00400004 False   [16] [N]
   12 0x00000500 0xFFFFFFC0 0x00003000 False   [6, 7] []
   13 0x000003C0 0xFFFFFFC0 0x000C0000 False   [12, 13] []
   14 0x000002C0 0xFFFFFFC0 0x00000004 False   [] [N]
   15 0x000007C0 0xFFFFFFC0 0x0000C000 False   [8, 9] []
   16 0x00000100 0xFFFFF900 0x00000080 False   [1] []
0 Defaultable entries
