Router contains 16 entries
Index Key        Mask       Route      Default [Cores][Links]
----- ---------- ---------- ---------- ------- --------------
    0 0x00000800 0xFFFFFF80 0x00000A00 False   [3, 5] []
    1 0x00000100 0xFFFFFF80 0x00200000 False   [15] []
    2 0x00000700 0xFFFFFF80 0x0000C000 False   [8, 9] []
    3 0x00000780 0xFFFFFF80 0x00020000 False   [11] []
    4 0x00000600 0xFFFFFF80 0x00008000 False   [9] []
    5 0x00000380 0xFFFFFF80 0x00000001 False   [] [E]
    6 0x00000580 0xFFFFFF80 0x00003000 False   [6, 7] []
    7 0x00000280 0xFFFFFF80 0x00000800 False   [5] []
    8 0x00000080 0xFFFFFF80 0x00300000 False   [14, 15] []
    9 0x00000400 0xFFFFFF80 0x00002000 False   [7] []
   10 0x00000900 0xFFFFFF80 0x00030000 False   [10, 11] []
   11 0x00000000 0xFFFFFF80 0x00000500 False   [2, 4] []
   12 0x00000200 0xFFFFFF80 0x00080000 False   [13] []
   13 0x00000500 0xFFFFFF80 0x00400001 False   [16] [E]
   14 0x00000180 0xFFFFFF80 0x000C0000 False   [12, 13] []
   15 0x00000100 0xFFFFF500 0x00000100 False   [2] []
0 Defaultable entries
