Router contains 16 entries
Index Key        Mask       Route      Default [Cores][Links]
----- ---------- ---------- ---------- ------- --------------
    0 0x00001300 0xFFFFFF00 0x00000010 False   [] [SW]
    1 0x00000200 0xFFFFFF00 0x00000A00 False   [3, 5] []
    2 0x00001000 0xFFFFFF00 0x0000A000 False   [9, 7] []
    3 0x00000B00 0xFFFFFF00 0x00000080 False   [1] []
    4 0x00000100 0xFFFFFFC0 0x00010010 False   [10] [SW]
    5 0x00000900 0xFFFFFF00 0x00000A00 False   [3, 5] []
    6 0x00001440 0xFFFFFFC0 0x0000B000 False   [9, 6, 7] []
    7 0x00000600 0xFFFFFF00 0x00000080 False   [1] []
    8 0x00001400 0xFFFFFFC0 0x00000010 False   [] [SW]
    9 0x00000140 0xFFFFFFC0 0x00000B00 False   [2, 3, 5] []
   10 0x00000F40 0xFFFFFFC0 0x0000A000 False   [9, 7] []
   11 0x00000A40 0xFFFFFFC0 0x00000080 False   [1] []
   12 0x00000A00 0xFFFFFFC0 0x00000A00 False   [3, 5] []
   13 0x00000000 0xFFFFFF00 0x00004010 False   [8] [SW]
   14 0x00000540 0xFFFFFFC0 0x00000080 False   [1] []
   15 0x00001500 0xFFFFFF00 0x0000A400 False   [9, 4, 7] []
0 Defaultable entries
