Router contains 32 entries
Index Key        Mask       Route      Default [Cores][Links]
----- ---------- ---------- ---------- ------- --------------
    0 0x00000B80 0xFFFFFFC0 0x00000080 False   [1] []
    1 0x00000580 0xFFFFFFC0 0x00000080 False   [1] []
    2 0x00000340 0xFFFFFFC0 0x00000080 False   [1] []
    3 0x00000500 0xFFFFFFC0 0x00000080 False   [1] []
    4 0x00000940 0xFFFFFFC0 0x00000080 False   [1] []
    5 0x00000CC0 0xFFFFFFC0 0x00000080 False   [1] []
    6 0x00000280 0xFFFFFFC0 0x00000080 False   [1] []
    7 0x00000680 0xFFFFFFC0 0x00000080 False   [1] []
    8 0x00000100 0xFFFFFFC0 0x00000080 False   [1] []
    9 0x00000380 0xFFFFFFC0 0x00000080 False   [1] []
   10 0x000003C0 0xFFFFFFC0 0x00000080 False   [1] []
   11 0x00000240 0xFFFFFFC0 0x00000080 False   [1] []
   12 0x00000480 0xFFFFFFC0 0x00000080 False   [1] []
   13 0x00000780 0xFFFFFFC0 0x00000080 False   [1] []
   14 0x000002C0 0xFFFFFFC0 0x00000080 False   [1] []
   15 0x00000880 0xFFFFFFC0 0x00000080 False   [1] []
   16 0x00000900 0xFFFFFFC0 0x00000080 False   [1] []
   17 0x000005C0 0xFFFFFFC0 0x00000080 False   [1] []
   18 0x000004C0 0xFFFFFFC0 0x00000080 False   [1] []
   19 0x00000A40 0xFFFFFFC0 0x00000080 False   [1] []
   20 0x00000C00 0xFFFFFFC0 0x00000080 False   [1] []
   21 0x00000A00 0xFFFFFFC0 0x00000080 False   [1] []
   22 0x00000000 0xFFFFFFC0 0x00000080 False   [1] []
   23 0x00000400 0xFFFFFFC0 0x00000080 False   [1] []
   24 0x000007C0 0xFFFFFFC0 0x00000002 False   [] [NE]
   25 0x00000B40 0xFFFFFFC0 0x00000080 False   [1] []
   26 0x00000800 0xFFFFFFC0 0x00000080 False   [1] []
   27 0x00000040 0xFFFFFFC0 0x00000080 False   [1] []
   28 0x00000C80 0xFFFFFFC0 0x00000080 False   [1] []
   29 0x00000140 0xFFFFFFC0 0x00000080 False   [1] []
   30 0x000001C0 0xFFFFFFC0 0x00000080 False   [1] []
   31 0x00000A80 0xFFFFFFC0 0x00000080 False   [1] []
0 Defaultable entries
