Router contains 22 entries
Index Key        Mask       Route      Default [Cores][Links]
----- ---------- ---------- ---------- ------- --------------
    0 0x00000B00 0xFFFFFFC0 0x00000080 False   [1] []
    1 0x000000C0 0xFFFFFFC0 0x00000080 False   [1] []
    2 0x00000700 0xFFFFFFC0 0x00000080 False   [1] []
    3 0x00000C40 0xFFFFFFC0 0x00000080 False   [1] []
    4 0x00000200 0xFFFFFFC0 0x00000080 False   [1] []
    5 0x00000740 0xFFFFFFC0 0x00000080 False   [1] []
    6 0x00000080 0xFFFFFFC0 0x00000080 False   [1] []
    7 0x00000300 0xFFFFFFC0 0x00000080 False   [1] []
    8 0x00000600 0xFFFFFFC0 0x00000080 False   [1] []
    9 0x00000180 0xFFFFFFC0 0x00000080 False   [1] []
   10 0x00000440 0xFFFFFFC0 0x00000080 False   [1] []
   11 0x00000840 0xFFFFFFC0 0x00000080 False   [1] []
   12 0x00000540 0xFFFFFFC0 0x00000080 False   [1] []
   13 0x00000980 0xFFFFFFC0 0x00000080 False   [1] []
   14 0x00000640 0xFFFFFFC0 0x00000080 False   [1] []
   15 0x00000AC0 0xFFFFFFC0 0x00000080 False   [1] []
   16 0x000007C0 0xFFFFFFC0 0x00000080 False   [1] []
   17 0x000006C0 0xFFFFFFC0 0x00000080 False   [1] []
   18 0x00000BC0 0xFFFFFFC0 0x00000080 False   [1] []
   19 0x000008C0 0xFFFFFFC0 0x00000080 False   [1] []
   20 0x00000D00 0xFFFFFFC0 0x00000080 False   [1] []
   21 0x000009C0 0xFFFFFFC0 0x00000080 False   [1] []
0 Defaultable entries
