Vertex: chain_8_delayed:0:99 
edge:SimpleMachineEdge(pre_vertex=chain_8_delayed:0:99, post_vertex=chain_9:0:99, traffic_type=EdgeTrafficType.MULTICAST, label=machine_edge_forchain_8_delayed_to_chain_9, traffic_weight=1), keys_and_masks:[KeyAndMask:0x680L:0xffffff80] 


Vertex: chain_3:0:99 
edge:chain_3:0:99:chain_4:0:99, keys_and_masks:[KeyAndMask:0x900L:0xffffff80] 
edge:SimpleMachineEdge(pre_vertex=chain_3:0:99, post_vertex=chain_3_delayed:0:99, traffic_type=EdgeTrafficType.MULTICAST, label=machine_edge_forchain_3_to_DelayExtension, traffic_weight=1), keys_and_masks:[KeyAndMask:0x900L:0xffffff80] 


Vertex: <spinn_front_end_common.utility_models.reverse_ip_tag_multicast_source_machine_vertex.ReverseIPTagMulticastSourceMachineVertex object at 0x7f0dd1f2d950> 
edge:<spinn_front_end_common.utility_models.reverse_ip_tag_multicast_source_machine_vertex.ReverseIPTagMulticastSourceMachineVertex object at 0x7f0dd1f2d950>:chain_0:0:99, keys_and_masks:[KeyAndMask:0x300L:0xffffffff] 


Vertex: chain_7:0:99 
edge:chain_7:0:99:chain_8:0:99, keys_and_masks:[KeyAndMask:0xa00L:0xffffff80] 
edge:SimpleMachineEdge(pre_vertex=chain_7:0:99, post_vertex=chain_7_delayed:0:99, traffic_type=EdgeTrafficType.MULTICAST, label=machine_edge_forchain_7_to_DelayExtension, traffic_weight=1), keys_and_masks:[KeyAndMask:0xa00L:0xffffff80] 


Vertex: chain_1:0:99 
edge:chain_1:0:99:chain_2:0:99, keys_and_masks:[KeyAndMask:0x580L:0xffffff80] 
edge:SimpleMachineEdge(pre_vertex=chain_1:0:99, post_vertex=chain_1_delayed:0:99, traffic_type=EdgeTrafficType.MULTICAST, label=machine_edge_forchain_1_to_DelayExtension, traffic_weight=1), keys_and_masks:[KeyAndMask:0x580L:0xffffff80] 


Vertex: chain_0:0:99 
edge:chain_0:0:99:chain_1:0:99, keys_and_masks:[KeyAndMask:0x800L:0xffffff80] 
edge:SimpleMachineEdge(pre_vertex=chain_0:0:99, post_vertex=chain_0_delayed:0:99, traffic_type=EdgeTrafficType.MULTICAST, label=machine_edge_forchain_0_to_DelayExtension, traffic_weight=1), keys_and_masks:[KeyAndMask:0x800L:0xffffff80] 


Vertex: chain_3_delayed:0:99 
edge:SimpleMachineEdge(pre_vertex=chain_3_delayed:0:99, post_vertex=chain_4:0:99, traffic_type=EdgeTrafficType.MULTICAST, label=machine_edge_forchain_3_delayed_to_chain_4, traffic_weight=1), keys_and_masks:[KeyAndMask:0x780L:0xffffff80] 


Vertex: chain_7_delayed:0:99 
edge:SimpleMachineEdge(pre_vertex=chain_7_delayed:0:99, post_vertex=chain_8:0:99, traffic_type=EdgeTrafficType.MULTICAST, label=machine_edge_forchain_7_delayed_to_chain_8, traffic_weight=1), keys_and_masks:[KeyAndMask:0x480L:0xffffff80] 


Vertex: chain_1_delayed:0:99 
edge:SimpleMachineEdge(pre_vertex=chain_1_delayed:0:99, post_vertex=chain_2:0:99, traffic_type=EdgeTrafficType.MULTICAST, label=machine_edge_forchain_1_delayed_to_chain_2, traffic_weight=1), keys_and_masks:[KeyAndMask:0x400L:0xffffff80] 


Vertex: chain_4_delayed:0:99 
edge:SimpleMachineEdge(pre_vertex=chain_4_delayed:0:99, post_vertex=chain_5:0:99, traffic_type=EdgeTrafficType.MULTICAST, label=machine_edge_forchain_4_delayed_to_chain_5, traffic_weight=1), keys_and_masks:[KeyAndMask:0x200L:0xffffff80] 


Vertex: chain_5_delayed:0:99 
edge:SimpleMachineEdge(pre_vertex=chain_5_delayed:0:99, post_vertex=chain_6:0:99, traffic_type=EdgeTrafficType.MULTICAST, label=machine_edge_forchain_5_delayed_to_chain_6, traffic_weight=1), keys_and_masks:[KeyAndMask:0x100L:0xffffff80] 


Vertex: chain_0_delayed:0:99 
edge:SimpleMachineEdge(pre_vertex=chain_0_delayed:0:99, post_vertex=chain_1:0:99, traffic_type=EdgeTrafficType.MULTICAST, label=machine_edge_forchain_0_delayed_to_chain_1, traffic_weight=1), keys_and_masks:[KeyAndMask:0x280L:0xffffff80] 


Vertex: chain_9:0:99 
edge:chain_9:0:99:chain_0:0:99, keys_and_masks:[KeyAndMask:0x0L:0xffffff80] 
edge:SimpleMachineEdge(pre_vertex=chain_9:0:99, post_vertex=chain_9_delayed:0:99, traffic_type=EdgeTrafficType.MULTICAST, label=machine_edge_forchain_9_to_DelayExtension, traffic_weight=1), keys_and_masks:[KeyAndMask:0x0L:0xffffff80] 


Vertex: chain_2_delayed:0:99 
edge:SimpleMachineEdge(pre_vertex=chain_2_delayed:0:99, post_vertex=chain_3:0:99, traffic_type=EdgeTrafficType.MULTICAST, label=machine_edge_forchain_2_delayed_to_chain_3, traffic_weight=1), keys_and_masks:[KeyAndMask:0x600L:0xffffff80] 


Vertex: chain_6_delayed:0:99 
edge:SimpleMachineEdge(pre_vertex=chain_6_delayed:0:99, post_vertex=chain_7:0:99, traffic_type=EdgeTrafficType.MULTICAST, label=machine_edge_forchain_6_delayed_to_chain_7, traffic_weight=1), keys_and_masks:[KeyAndMask:0x380L:0xffffff80] 


Vertex: chain_9_delayed:0:99 
edge:SimpleMachineEdge(pre_vertex=chain_9_delayed:0:99, post_vertex=chain_0:0:99, traffic_type=EdgeTrafficType.MULTICAST, label=machine_edge_forchain_9_delayed_to_chain_0, traffic_weight=1), keys_and_masks:[KeyAndMask:0x980L:0xffffff80] 


Vertex: chain_4:0:99 
edge:chain_4:0:99:chain_5:0:99, keys_and_masks:[KeyAndMask:0x180L:0xffffff80] 
edge:SimpleMachineEdge(pre_vertex=chain_4:0:99, post_vertex=chain_4_delayed:0:99, traffic_type=EdgeTrafficType.MULTICAST, label=machine_edge_forchain_4_to_DelayExtension, traffic_weight=1), keys_and_masks:[KeyAndMask:0x180L:0xffffff80] 


Vertex: chain_5:0:99 
edge:chain_5:0:99:chain_6:0:99, keys_and_masks:[KeyAndMask:0x80L:0xffffff80] 
edge:SimpleMachineEdge(pre_vertex=chain_5:0:99, post_vertex=chain_5_delayed:0:99, traffic_type=EdgeTrafficType.MULTICAST, label=machine_edge_forchain_5_to_DelayExtension, traffic_weight=1), keys_and_masks:[KeyAndMask:0x80L:0xffffff80] 


Vertex: chain_8:0:99 
edge:chain_8:0:99:chain_9:0:99, keys_and_masks:[KeyAndMask:0x880L:0xffffff80] 
edge:SimpleMachineEdge(pre_vertex=chain_8:0:99, post_vertex=chain_8_delayed:0:99, traffic_type=EdgeTrafficType.MULTICAST, label=machine_edge_forchain_8_to_DelayExtension, traffic_weight=1), keys_and_masks:[KeyAndMask:0x880L:0xffffff80] 


Vertex: chain_2:0:99 
edge:chain_2:0:99:chain_3:0:99, keys_and_masks:[KeyAndMask:0x700L:0xffffff80] 
edge:SimpleMachineEdge(pre_vertex=chain_2:0:99, post_vertex=chain_2_delayed:0:99, traffic_type=EdgeTrafficType.MULTICAST, label=machine_edge_forchain_2_to_DelayExtension, traffic_weight=1), keys_and_masks:[KeyAndMask:0x700L:0xffffff80] 


Vertex: chain_6:0:99 
edge:chain_6:0:99:chain_7:0:99, keys_and_masks:[KeyAndMask:0x500L:0xffffff80] 
edge:SimpleMachineEdge(pre_vertex=chain_6:0:99, post_vertex=chain_6_delayed:0:99, traffic_type=EdgeTrafficType.MULTICAST, label=machine_edge_forchain_6_to_DelayExtension, traffic_weight=1), keys_and_masks:[KeyAndMask:0x500L:0xffffff80] 


