Router contains 19 entries
Index Key        Mask       Route      Default [Cores][Links]
----- ---------- ---------- ---------- ------- --------------
    0 0x00001700 0xFFFFFF00 0x00000500 False   [2, 4] []
    1 0x00000E00 0xFFFFFF00 0x00052000 False   [10, 12, 7] []
    2 0x00000980 0xFFFFFF80 0x00050000 False   [10, 12] []
    3 0x00001500 0xFFFFFF80 0x00180001 False   [13, 14] [E]
    4 0x00000100 0xFFFFFF80 0x00000500 False   [2, 4] []
    5 0x00000F00 0xFFFFFF80 0x00058000 False   [9, 10, 12] []
    6 0x00000700 0xFFFFFF80 0x00005000 False   [8, 6] []
    7 0x00001400 0xFFFFFF00 0x00120001 False   [11, 14] [E]
    8 0x00001600 0xFFFFFF00 0x00000001 False   [] [E]
    9 0x00001800 0xFFFFFF80 0x00000500 False   [2, 4] []
   10 0x00001A00 0xFFFFFF00 0x00200001 False   [15] [E]
   11 0x00001C00 0xFFFFFF00 0x00005200 False   [8, 3, 6] []
   12 0x00000A00 0xFFFFFF00 0x00050000 False   [10, 12] []
   13 0x00000780 0xFFFFFFFF 0x00000500 False   [2, 4] []
   14 0x00001280 0xFFFFFF80 0x00100001 False   [14] [E]
   15 0x00001300 0xFFFFFF00 0x00100001 False   [14] [E]
   16 0x00001B80 0xFFFFFF80 0x00005800 False   [8, 5, 6] []
   17 0x00000000 0xFFFFFF00 0x00000500 False   [2, 4] []
   18 0x00000600 0xFFFFFF00 0x00005000 False   [8, 6] []
0 Defaultable entries
