Router contains 16 entries
Index Key        Mask       Route      Default [Cores][Links]
----- ---------- ---------- ---------- ------- --------------
    0 0x00001100 0xFFFFFF00 0x00000010 False   [] [SW]
    1 0x00000700 0xFFFFFF00 0x00000A00 False   [3, 5] []
    2 0x00000E00 0xFFFFFF00 0x0000A000 False   [9, 7] []
    3 0x00000B00 0xFFFFFF00 0x00000080 False   [1] []
    4 0x00000100 0xFFFFFFE0 0x00010010 False   [10] [SW]
    5 0x00000A00 0xFFFFFF00 0x00000A00 False   [3, 5] []
    6 0x00001220 0xFFFFFFE0 0x0000B000 False   [9, 6, 7] []
    7 0x00000600 0xFFFFFF00 0x00000080 False   [1] []
    8 0x00001200 0xFFFFFFE0 0x00000010 False   [] [SW]
    9 0x000001E0 0xFFFFFFE0 0x00000B00 False   [2, 3, 5] []
   10 0x000009A0 0xFFFFFFE0 0x0000A000 False   [9, 7] []
   11 0x00000940 0xFFFFFFE0 0x00000080 False   [1] []
   12 0x00000920 0xFFFFFFE0 0x00000A00 False   [3, 5] []
   13 0x00000000 0xFFFFFF00 0x00004010 False   [8] [SW]
   14 0x000001C0 0xFFFFFFE0 0x00000080 False   [1] []
   15 0x00001300 0xFFFFFF00 0x0000A400 False   [9, 4, 7] []
0 Defaultable entries
