Router contains 19 entries
Index Key        Mask       Route      Default [Cores][Links]
----- ---------- ---------- ---------- ------- --------------
    0 0x00001100 0xFFFFFF00 0x00000500 False   [2, 4] []
    1 0x00000C00 0xFFFFFF00 0x00052000 False   [10, 12, 7] []
    2 0x00000900 0xFFFFFFE0 0x00050000 False   [10, 12] []
    3 0x00000100 0xFFFFFFE0 0x00000500 False   [2, 4] []
    4 0x00000960 0xFFFFFFE0 0x00058000 False   [9, 10, 12] []
    5 0x00000180 0xFFFFFFE0 0x00005000 False   [8, 6] []
    6 0x00001000 0xFFFFFF00 0x00000001 False   [] [E]
    7 0x00001200 0xFFFFFFE0 0x00000500 False   [2, 4] []
    8 0x00001400 0xFFFFFF00 0x00200001 False   [15] [E]
    9 0x00001500 0xFFFFFF00 0x00005200 False   [8, 3, 6] []
   10 0x00000800 0xFFFFFF00 0x00050000 False   [10, 12] []
   11 0x000009C0 0xFFFFFFE0 0x00180001 False   [13, 14] [E]
   12 0x000001A0 0xFFFFFFFF 0x00000500 False   [2, 4] []
   13 0x00000980 0xFFFFFFE0 0x00100001 False   [14] [E]
   14 0x00000D00 0xFFFFFF00 0x00100001 False   [14] [E]
   15 0x00000F00 0xFFFFFF00 0x00120001 False   [11, 14] [E]
   16 0x00001260 0xFFFFFFE0 0x00005800 False   [8, 5, 6] []
   17 0x00000000 0xFFFFFF00 0x00000500 False   [2, 4] []
   18 0x00000500 0xFFFFFF00 0x00005000 False   [8, 6] []
0 Defaultable entries
