Router contains 22 entries
Index Key        Mask       Route      Default [Cores][Links]
----- ---------- ---------- ---------- ------- --------------
    0 0x00000B00 0xFFFFFF00 0x00240004 False   [12, 15] [N]
    1 0x00001600 0xFFFFFF00 0x0000A000 False   [9, 7] []
    2 0x00000940 0xFFFFFFE0 0x00300004 False   [14, 15] [N]
    3 0x000001C0 0xFFFFFFE0 0x00200004 False   [15] [N]
    4 0x00000700 0xFFFFFF00 0x00400004 False   [16] [N]
    5 0x00000A00 0xFFFFFF00 0x00000004 False   [] [N]
    6 0x00001400 0xFFFFFF00 0x00000A00 False   [3, 5] []
    7 0x00000120 0xFFFFFFE0 0x000B0000 False   [10, 11, 13] []
    8 0x00000D00 0xFFFFFF00 0x00000080 False   [1] []
    9 0x00000400 0xFFFFFF00 0x0000A400 False   [9, 4, 7] []
   10 0x000009E0 0xFFFFFFE0 0x00000A00 False   [3, 5] []
   11 0x00000600 0xFFFFFF00 0x00200004 False   [15] [N]
   12 0x00001000 0xFFFFFF00 0x00000A00 False   [3, 5] []
   13 0x00001280 0xFFFFFFE0 0x0000A000 False   [9, 7] []
   14 0x00000160 0xFFFFFFE0 0x0000B000 False   [9, 6, 7] []
   15 0x00000200 0xFFFFFF00 0x000A4000 False   [8, 11, 13] []
   16 0x000009C0 0xFFFFFFE0 0x00000080 False   [1] []
   17 0x00000300 0xFFFFFF00 0x000A0000 False   [11, 13] []
   18 0x00000980 0xFFFFFFE0 0x00000080 False   [1] []
   19 0x00001240 0xFFFFFFE0 0x00000B00 False   [2, 3, 5] []
   20 0x00000F00 0xFFFFFF00 0x00000080 False   [1] []
   21 0x00000140 0xFFFFFFE0 0x000A0000 False   [11, 13] []
0 Defaultable entries
